<?xml version="1.0" encoding="UTF-8"?>
<!-- Generated by org.testng.reporters.JUnitXMLReporter -->
<testsuite ignored="0" hostname="LIN-75NLBK3" failures="0" tests="3" name="edge testing" time="56.621" errors="0" timestamp="2024-04-20T21:29:07 IST">
  <testcase classname="parllel.copy.Testcase_1" name="scenario1" time="12.637"/>
  <testcase classname="parllel.copy.Testcase_2" name="scenario2" time="15.861"/>
  <testcase classname="parllel.copy.Testcase_3" name="scenario3" time="3.084"/>
</testsuite> <!-- edge testing -->
