<?xml version="1.0" encoding="UTF-8"?>
<!-- Generated by org.testng.reporters.JUnitXMLReporter -->
<testsuite ignored="0" hostname="LIN-75NLBK3" failures="0" tests="3" name="firefox testing" time="45.484" errors="0" timestamp="2024-04-20T21:28:56 IST">
  <testcase classname="parllel.copy.Testcase_1" name="scenario1" time="5.632"/>
  <testcase classname="parllel.copy.Testcase_2" name="scenario2" time="9.429"/>
  <testcase classname="parllel.copy.Testcase_3" name="scenario3" time="2.35"/>
</testsuite> <!-- firefox testing -->
