<?xml version="1.0" encoding="UTF-8"?>
<!-- Generated by org.testng.reporters.JUnitXMLReporter -->
<testsuite ignored="0" hostname="LIN-75NLBK3" failures="0" tests="3" name="Test" time="45.651" errors="0" timestamp="2024-04-11T21:11:51 IST">
  <testcase classname="BM_AM_With_diffclass.Testcase_1" name="scenario1" time="6.831"/>
  <testcase classname="BM_AM_With_diffclass.Testcase_2" name="scenario2" time="12.35"/>
  <testcase classname="BM_AM_With_diffclass.Testcase_3" name="scenario3" time="6.045"/>
</testsuite> <!-- Test -->
