<?xml version="1.0" encoding="UTF-8"?>
<!-- Generated by org.testng.reporters.JUnitXMLReporter -->
<testsuite ignored="0" hostname="LIN-75NLBK3" failures="0" tests="3" name="Testing on edge" time="53.217" errors="0" timestamp="2024-04-18T13:01:36 IST">
  <testcase classname="Cross_parllel.Testcase_1" name="scenario1" time="11.803"/>
  <testcase classname="Cross_parllel.Testcase_2" name="scenario2" time="17.686"/>
  <testcase classname="Cross_parllel.Testcase_3" name="scenario3" time="4.626"/>
</testsuite> <!-- Testing on edge -->
