<?xml version="1.0" encoding="UTF-8"?>
<!-- Generated by org.testng.reporters.JUnitXMLReporter -->
<testsuite ignored="2" hostname="LIN-75NLBK3" failures="0" tests="4" name="Test" time="0.143" errors="0" timestamp="2024-04-16T12:54:12 IST">
  <testcase classname="TestNG.Groupings" name="apple1" time="0.021"/>
  <testcase classname="TestNG.Groupings" name="apple2" time="0.002"/>
  <testcase classname="TestNG.Groupings" name="moto1" time="0.001"/>
  <testcase classname="TestNG.Groupings" name="moto2" time="0.003"/>
  <testcase classname="TestNG.Groupings" name="oppo2" time="0.0">
    <ignored/>
  </testcase> <!-- oppo2 -->
  <testcase classname="TestNG.Groupings" name="oppo1" time="0.0">
    <ignored/>
  </testcase> <!-- oppo1 -->
</testsuite> <!-- Test -->
