<?xml version="1.0" encoding="UTF-8"?>
<!-- Generated by org.testng.reporters.JUnitXMLReporter -->
<testsuite ignored="0" hostname="LIN-75NLBK3" failures="0" tests="3" name="Testing on edge" time="122.839" errors="0" timestamp="2024-04-11T21:25:03 IST">
  <testcase classname="Cross_parllel.Testcase_1" name="scenario1" time="13.734"/>
  <testcase classname="Cross_parllel.Testcase_2" name="scenario2" time="30.114"/>
  <testcase classname="Cross_parllel.Testcase_3" name="scenario3" time="59.479"/>
</testsuite> <!-- Testing on edge -->
