<?xml version="1.0" encoding="UTF-8"?>
<!-- Generated by org.testng.reporters.JUnitXMLReporter -->
<testsuite ignored="0" hostname="LIN-75NLBK3" failures="0" tests="3" name="Testing on Chrome" time="120.794" errors="0" timestamp="2024-04-11T21:25:01 IST">
  <testcase classname="Cross_parllel.Testcase_1" name="scenario1" time="13.727"/>
  <testcase classname="Cross_parllel.Testcase_2" name="scenario2" time="12.832"/>
  <testcase classname="Cross_parllel.Testcase_3" name="scenario3" time="79.871"/>
</testsuite> <!-- Testing on Chrome -->
