<?xml version="1.0" encoding="UTF-8"?>
<!-- Generated by org.testng.reporters.JUnitXMLReporter -->
<testsuite ignored="0" hostname="LIN-75NLBK3" failures="0" tests="3" name="Testing on firefox" time="100.106" errors="0" timestamp="2024-04-11T21:24:40 IST">
  <testcase classname="Cross_parllel.Testcase_1" name="scenario1" time="6.307"/>
  <testcase classname="Cross_parllel.Testcase_2" name="scenario2" time="5.747"/>
  <testcase classname="Cross_parllel.Testcase_3" name="scenario3" time="56.543"/>
</testsuite> <!-- Testing on firefox -->
