<?xml version="1.0" encoding="UTF-8"?>
<!-- Generated by org.testng.reporters.JUnitXMLReporter -->
<testsuite ignored="0" hostname="LIN-75NLBK3" failures="0" tests="3" name="Test3" time="58.648" errors="0" timestamp="2024-04-11T20:43:53 IST">
  <testcase classname="Cross_parllel.Testcase_1" name="scenario1" time="9.879"/>
  <testcase classname="Cross_parllel.Testcase_2" name="scenario2" time="12.674"/>
  <testcase classname="Cross_parllel.Testcase_3" name="scenario3" time="15.361"/>
</testsuite> <!-- Test3 -->
